<?xml version="1.0" encoding="UTF-8"?>
<!-- Generated by org.testng.reporters.JUnitReportReporter -->
<testsuite hostname="IN-PG0352RN" failures="0" tests="2" name="Appium.Base.Testing.Cucumber_Runner" time="36.854" errors="0" timestamp="03 Mar 2023 10:52:13 GMT" skipped="0">
  <testcase classname="Appium.Base.Testing.Cucumber_Runner" name="runScenario" time="19.951"/>
  <testcase classname="Appium.Base.Testing.Cucumber_Runner" name="runScenario" time="16.903"/>
</testsuite> <!-- Appium.Base.Testing.Cucumber_Runner -->
