<?xml version="1.0" encoding="UTF-8"?>
<!-- Generated by org.testng.reporters.JUnitReportReporter -->
<testsuite hostname="IN-PG0352RN" failures="0" tests="1" name="Appium.Base.Testing.Base_Runner" time="0.010" errors="0" timestamp="26 Feb 2023 13:16:37 GMT" skipped="0">
  <testcase classname="Appium.Base.Testing.Base_Runner" name="first_test" time="0.010"/>
</testsuite> <!-- Appium.Base.Testing.Base_Runner -->
