<?xml version="1.0" encoding="UTF-8"?>
<!-- Generated by org.testng.reporters.JUnitReportReporter -->
<testsuite hostname="IN-PG0352RN" failures="0" tests="5" name="StepDefinitions.GraphicTest" time="23.078" errors="0" timestamp="03 Mar 2023 16:39:13 GMT" skipped="0">
  <testcase classname="StepDefinitions.GraphicTest" name="click_on_graphic_buttton" time="7.660"/>
  <testcase classname="StepDefinitions.GraphicTest" name="click_on_animate_drawable_button_then_go_back" time="2.456"/>
  <testcase classname="StepDefinitions.GraphicTest" name="click_on_density_button_then_go_back" time="2.799"/>
  <testcase classname="StepDefinitions.GraphicTest" name="scroll_up_in_grapic_section" time="8.526"/>
  <testcase classname="StepDefinitions.GraphicTest" name="click_on_surfaceview_overly" time="1.637"/>
</testsuite> <!-- StepDefinitions.GraphicTest -->
