<?xml version="1.0" encoding="UTF-8"?>
<!-- Generated by org.testng.reporters.JUnitReportReporter -->
<testsuite hostname="IN-PG0352RN" failures="0" tests="4" name="StepDefinitions.ContentTest" time="13.366" errors="0" timestamp="03 Mar 2023 16:39:13 GMT" skipped="0">
  <testcase classname="StepDefinitions.ContentTest" name="first_click_on_content_and_undo_button" time="2.364"/>
  <testcase classname="StepDefinitions.ContentTest" name="enter_the_textview_data" time="3.779"/>
  <testcase classname="StepDefinitions.ContentTest" name="click_on_textview_button" time="1.877"/>
  <testcase classname="StepDefinitions.ContentTest" name="enter_all_textview_field" time="5.346"/>
</testsuite> <!-- StepDefinitions.ContentTest -->
