<?xml version="1.0" encoding="UTF-8"?>
<!-- Generated by org.testng.reporters.JUnitReportReporter -->
<testsuite hostname="IN-PG0352RN" failures="0" tests="3" name="StepDefinitions.OsTesting" time="7.826" errors="0" timestamp="03 Mar 2023 16:39:13 GMT" skipped="0">
  <testcase classname="StepDefinitions.OsTesting" name="click_on_os_buttton" time="2.016"/>
  <testcase classname="StepDefinitions.OsTesting" name="click_on_the_sms_messaging_button" time="1.485"/>
  <testcase classname="StepDefinitions.OsTesting" name="check_the_text_feild_functionality" time="4.325"/>
</testsuite> <!-- StepDefinitions.OsTesting -->
