<?xml version="1.0" encoding="UTF-8"?>
<!-- Generated by org.testng.reporters.JUnitReportReporter -->
<testsuite hostname="IN-PG0352RN" failures="0" tests="5" name="StepDefinitions.AnimationTest" time="12.919" errors="0" timestamp="03 Mar 2023 16:39:13 GMT" skipped="0">
  <testcase classname="StepDefinitions.AnimationTest" name="first_click_on_animation_button" time="2.139"/>
  <testcase classname="StepDefinitions.AnimationTest" name="click_on_hide_show_animation_button" time="1.695"/>
  <testcase classname="StepDefinitions.AnimationTest" name="check_the_hide_button_working" time="3.009"/>
  <testcase classname="StepDefinitions.AnimationTest" name="check_the_show_button_working" time="0.117"/>
  <testcase classname="StepDefinitions.AnimationTest" name="check_the_custom_button_working" time="5.959"/>
</testsuite> <!-- StepDefinitions.AnimationTest -->
