<?xml version="1.0" encoding="UTF-8"?>
<!-- Generated by org.testng.reporters.JUnitReportReporter -->
<testsuite hostname="IN-PG0352RN" failures="0" tests="2" name="StepDefinitions.SimpleTransitionTest" time="20.742" errors="0" timestamp="03 Mar 2023 16:39:13 GMT" skipped="0">
  <testcase classname="StepDefinitions.SimpleTransitionTest" name="check_the_scrollup_functionality" time="2.905"/>
  <testcase classname="StepDefinitions.SimpleTransitionTest" name="click_on_simple_transition_button_and_check_functionality" time="17.837"/>
</testsuite> <!-- StepDefinitions.SimpleTransitionTest -->
