<?xml version="1.0" encoding="UTF-8"?>
<!-- Generated by org.testng.reporters.JUnitReportReporter -->
<testsuite hostname="IN-PG0352RN" failures="0" tests="2" name="Hooks.File.sample" time="0.008" errors="0" timestamp="26 Feb 2023 11:25:47 GMT" skipped="0">
  <testcase classname="Hooks.File.sample" name="test_First" time="0.007"/>
  <testcase classname="Hooks.File.sample" name="test_Second" time="0.001"/>
</testsuite> <!-- Hooks.File.sample -->
